<?xml version="1.0" encoding="UTF-8"?>
<phpunit xmlns:xsi="http://www.w3.org/2001/XMLSchema-instance"
				 xsi:noNamespaceSchemaLocation="http://schema.phpunit.de/8.5/phpunit.xsd"
				 colors="true">
	<testsuites>
		<testsuite name="Application Test Suite">
			<directory>test</directory>
		</testsuite>
	</testsuites>
	<filter>
		<whitelist processUncoveredFilesFromWhitelist="true">
			<directory suffix=".php">rest</directory>
			<exclude>
				<directory>vendor</directory>
				<directory>test</directory>
			</exclude>
		</whitelist>
	</filter>
</phpunit>
